**********************
Windows PowerShell transcript start
Start time: 20250512090547
Username: DESKTOP-TU6FPO4\Chris McLernon
RunAs User: DESKTOP-TU6FPO4\Chris McLernon
Configuration Name: 
Machine: DESKTOP-TU6FPO4 (Microsoft Windows NT 10.0.19045.0)
Host Application: powershell -ExecutionPolicy Bypass -NoExit -File C:\Users\Chris McLernon\Desktop\Automated_Troubleshoot\Troubleshoot_JMC.ps1
Process ID: 29492
PSVersion: 5.1.19041.5737
PSEdition: Desktop
PSCompatibleVersions: 1.0, 2.0, 3.0, 4.0, 5.0, 5.1.19041.5737
BuildVersion: 10.0.19041.5737
CLRVersion: 4.0.30319.42000
WSManStackVersion: 3.0
PSRemotingProtocolVersion: 2.3
SerializationVersion: 1.1.0.1
**********************
Transcript started, output file is troubleshoot_log_12052025.log
[12-05-2025 | 09:05:51] Using Incident ID: INC010101
[12-05-2025 | 09:05:51] Scanning for java.exe processes...
[12-05-2025 | 09:05:51] Generating heap dump...
[12-05-2025 | 09:05:51] Generating stack trace...
[12-05-2025 | 09:05:51] Checking status of service: XCCPEM
[12-05-2025 | 09:05:51] ERROR: Service 'XCCPEM' not found. Skipping service check.
[12-05-2025 | 09:05:51] Accessing XCCPEM logs from: \\bbwres2843p02\c$\XCC\logPEM
[12-05-2025 | 09:05:51] Found latest log:
Copy-Item : Cannot find path 'C:\Users\Chris McLernon\Desktop\Automated_Troubleshoot\stack_INC010101.txt' because it 
does not exist.
At C:\Users\Chris McLernon\Desktop\Automated_Troubleshoot\Troubleshoot_JMC.ps1:95 char:5
+     Copy-Item $stackTraceFile -Destination $logsDir
+     ~~~~~~~~~~~~~~~~~~~~~~~~~~~~~~~~~~~~~~~~~~~~~~~
    + CategoryInfo          : ObjectNotFound: (C:\Users\Chris ...k_INC010101.txt:String) [Copy-Item], 
ItemNotFoundException
    + FullyQualifiedErrorId : PathNotFound,Microsoft.PowerShell.Commands.CopyItemCommand
Copy-Item : Cannot find path 'C:\Users\Chris McLernon\Desktop\Automated_Troubleshoot\stack_INC010101.txt' because it
does not exist.
At C:\Users\Chris McLernon\Desktop\Automated_Troubleshoot\Troubleshoot_JMC.ps1:95 char:5
+     Copy-Item $stackTraceFile -Destination $logsDir
+     ~~~~~~~~~~~~~~~~~~~~~~~~~~~~~~~~~~~~~~~~~~~~~~~
    + CategoryInfo          : ObjectNotFound: (C:\Users\Chris ...k_INC010101.txt:String) [Copy-Item], ItemNotFoundExce
   ption
    + FullyQualifiedErrorId : PathNotFound,Microsoft.PowerShell.Commands.CopyItemCommand

Copy-Item : Cannot find path 'C:\Users\Chris McLernon\Desktop\Automated_Troubleshoot\XCCPEM_INC010101.txt' because it 
does not exist.
At C:\Users\Chris McLernon\Desktop\Automated_Troubleshoot\Troubleshoot_JMC.ps1:96 char:5
+     Copy-Item $xccOutputFile -Destination $logsDir
+     ~~~~~~~~~~~~~~~~~~~~~~~~~~~~~~~~~~~~~~~~~~~~~~
    + CategoryInfo          : ObjectNotFound: (C:\Users\Chris ...M_INC010101.txt:String) [Copy-Item], 
ItemNotFoundException
    + FullyQualifiedErrorId : PathNotFound,Microsoft.PowerShell.Commands.CopyItemCommand
Copy-Item : Cannot find path 'C:\Users\Chris McLernon\Desktop\Automated_Troubleshoot\XCCPEM_INC010101.txt' because it
does not exist.
At C:\Users\Chris McLernon\Desktop\Automated_Troubleshoot\Troubleshoot_JMC.ps1:96 char:5
+     Copy-Item $xccOutputFile -Destination $logsDir
+     ~~~~~~~~~~~~~~~~~~~~~~~~~~~~~~~~~~~~~~~~~~~~~~
    + CategoryInfo          : ObjectNotFound: (C:\Users\Chris ...M_INC010101.txt:String) [Copy-Item], ItemNotFoundExce
   ption
    + FullyQualifiedErrorId : PathNotFound,Microsoft.PowerShell.Commands.CopyItemCommand

[12-05-2025 | 09:05:51] Created archive: logs_INC010101.zip
[12-05-2025 | 09:05:51] Last 3 lines of XCCPEM log

[12-05-2025 | 09:05:51] Opening folder: logs_INC010101
[12-05-2025 | 09:05:52] Triage complete. Output saved to logs_INC010101.zip
**********************
Windows PowerShell transcript end
End time: 20250512090552
**********************
